#At time x process y state arr w total z remain y wait k 
At time  1  process 1 started arr 1 total 4 remain 4 wait 0 
At time  4  process 1 stopped arr 1 total 4 remain 1 wait 0 
At time  4  process 2 started arr 1 total 2 remain 2 wait 3 
At time  6  process 2 finished arr 1 total 2 remain 0 wait 3 TA 5 WTA 2.50 
At time  6  process 3 started arr 2 total 1 remain 1 wait 4 
At time  7  process 3 finished arr 2 total 1 remain 0 wait 4 TA 5 WTA 5.00 
At time  7  process 1 resumed arr 1 total 4 remain 1 wait 3 
At time  8  process 1 finished arr 1 total 4 remain 0 wait 3 TA 7 WTA 1.75 
At time  8  process 4 started arr 4 total 5 remain 5 wait 4 
At time  11  process 4 stopped arr 4 total 5 remain 2 wait 4 
At time  11  process 5 started arr 5 total 2 remain 2 wait 6 
At time  13  process 5 finished arr 5 total 2 remain 0 wait 6 TA 8 WTA 4.00 
At time  13  process 6 started arr 5 total 4 remain 4 wait 8 
At time  16  process 6 stopped arr 5 total 4 remain 1 wait 8 
At time  16  process 7 started arr 6 total 4 remain 4 wait 10 
At time  19  process 7 stopped arr 6 total 4 remain 1 wait 10 
At time  19  process 8 started arr 7 total 8 remain 8 wait 12 
At time  22  process 8 stopped arr 7 total 8 remain 5 wait 12 
At time  22  process 9 started arr 8 total 2 remain 2 wait 14 
At time  24  process 9 finished arr 8 total 2 remain 0 wait 14 TA 16 WTA 8.00 
At time  24  process 10 started arr 8 total 2 remain 2 wait 16 
At time  26  process 10 finished arr 8 total 2 remain 0 wait 16 TA 18 WTA 9.00 
At time  26  process 4 resumed arr 4 total 5 remain 2 wait 19 
At time  28  process 4 finished arr 4 total 5 remain 0 wait 19 TA 24 WTA 4.80 
At time  28  process 6 resumed arr 5 total 4 remain 1 wait 20 
At time  29  process 6 finished arr 5 total 4 remain 0 wait 20 TA 24 WTA 6.00 
At time  29  process 7 resumed arr 6 total 4 remain 1 wait 20 
At time  30  process 7 finished arr 6 total 4 remain 0 wait 20 TA 24 WTA 6.00 
At time  30  process 8 resumed arr 7 total 8 remain 5 wait 20 
At time  33  process 8 stopped arr 7 total 8 remain 2 wait 20 
At time  33  process 8 resumed arr 7 total 8 remain 2 wait 20 
At time  35  process 8 finished arr 7 total 8 remain 0 wait 20 TA 28 WTA 3.50 
