#At time x process y state arr w total z remain y wait k 
At time  1  process 2 started arr 1 total 2 remain 2 wait 0 
At time  2  process 2 stopped arr 1 total 2 remain 1 wait 0 
Process 2 has been moved to level 4
At time  2  process 2 resumed arr 1 total 2 remain 1 wait 0 
At time  3  process 2 finished arr 1 total 2 remain 0 wait 0 TA 2 WTA 1.00 
At time  3  process 3 started arr 2 total 1 remain 1 wait 1 
At time  4  process 3 finished arr 2 total 1 remain 0 wait 1 TA 2 WTA 2.00 
At time  4  process 1 started arr 1 total 4 remain 4 wait 3 
At time  5  process 1 stopped arr 1 total 4 remain 3 wait 3 
Process 1 has been moved to level 6
At time  5  process 4 started arr 4 total 5 remain 5 wait 1 
At time  6  process 4 stopped arr 4 total 5 remain 4 wait 1 
Process 4 has been moved to level 5
At time  6  process 5 started arr 5 total 2 remain 2 wait 1 
At time  7  process 5 stopped arr 5 total 2 remain 1 wait 1 
Process 5 has been moved to level 4
At time  7  process 7 started arr 6 total 4 remain 4 wait 1 
At time  8  process 7 stopped arr 6 total 4 remain 3 wait 1 
Process 7 has been moved to level 3
At time  8  process 8 started arr 7 total 8 remain 8 wait 1 
At time  9  process 8 stopped arr 7 total 8 remain 7 wait 1 
Process 8 has been moved to level 2
At time  9  process 9 started arr 8 total 2 remain 2 wait 1 
At time  10  process 9 stopped arr 8 total 2 remain 1 wait 1 
Process 9 has been moved to level 3
At time  10  process 10 started arr 8 total 2 remain 2 wait 2 
At time  11  process 10 stopped arr 8 total 2 remain 1 wait 2 
Process 10 has been moved to level 3
At time  11  process 8 resumed arr 7 total 8 remain 7 wait 3 
At time  12  process 8 stopped arr 7 total 8 remain 6 wait 3 
Process 8 has been moved to level 3
At time  12  process 6 started arr 5 total 4 remain 4 wait 7 
At time  13  process 6 stopped arr 5 total 4 remain 3 wait 7 
Process 6 has been moved to level 4
At time  13  process 7 resumed arr 6 total 4 remain 3 wait 6 
At time  14  process 7 stopped arr 6 total 4 remain 2 wait 6 
Process 7 has been moved to level 4
At time  14  process 9 resumed arr 8 total 2 remain 1 wait 5 
At time  15  process 9 finished arr 8 total 2 remain 0 wait 5 TA 7 WTA 3.50 
At time  15  process 10 resumed arr 8 total 2 remain 1 wait 6 
At time  16  process 10 finished arr 8 total 2 remain 0 wait 6 TA 8 WTA 4.00 
At time  16  process 8 resumed arr 7 total 8 remain 6 wait 7 
At time  17  process 8 stopped arr 7 total 8 remain 5 wait 7 
Process 8 has been moved to level 4
At time  17  process 5 resumed arr 5 total 2 remain 1 wait 11 
At time  18  process 5 finished arr 5 total 2 remain 0 wait 11 TA 13 WTA 6.50 
At time  18  process 6 resumed arr 5 total 4 remain 3 wait 12 
At time  19  process 6 stopped arr 5 total 4 remain 2 wait 12 
Process 6 has been moved to level 5
At time  19  process 7 resumed arr 6 total 4 remain 2 wait 11 
At time  20  process 7 stopped arr 6 total 4 remain 1 wait 11 
Process 7 has been moved to level 5
At time  20  process 8 resumed arr 7 total 8 remain 5 wait 10 
At time  21  process 8 stopped arr 7 total 8 remain 4 wait 10 
Process 8 has been moved to level 5
At time  21  process 4 resumed arr 4 total 5 remain 4 wait 16 
At time  22  process 4 stopped arr 4 total 5 remain 3 wait 16 
Process 4 has been moved to level 6
At time  22  process 6 resumed arr 5 total 4 remain 2 wait 15 
At time  23  process 6 stopped arr 5 total 4 remain 1 wait 15 
Process 6 has been moved to level 6
At time  23  process 7 resumed arr 6 total 4 remain 1 wait 14 
At time  24  process 7 finished arr 6 total 4 remain 0 wait 14 TA 18 WTA 4.50 
At time  24  process 8 resumed arr 7 total 8 remain 4 wait 13 
At time  25  process 8 stopped arr 7 total 8 remain 3 wait 13 
Process 8 has been moved to level 6
At time  25  process 1 resumed arr 1 total 4 remain 3 wait 23 
At time  26  process 1 stopped arr 1 total 4 remain 2 wait 23 
Process 1 has been moved to level 7
At time  26  process 4 resumed arr 4 total 5 remain 3 wait 20 
At time  27  process 4 stopped arr 4 total 5 remain 2 wait 20 
Process 4 has been moved to level 7
At time  27  process 6 resumed arr 5 total 4 remain 1 wait 19 
At time  28  process 6 finished arr 5 total 4 remain 0 wait 19 TA 23 WTA 5.75 
At time  28  process 8 resumed arr 7 total 8 remain 3 wait 16 
At time  29  process 8 stopped arr 7 total 8 remain 2 wait 16 
Process 8 has been moved to level 7
At time  29  process 1 resumed arr 1 total 4 remain 2 wait 26 
At time  30  process 1 stopped arr 1 total 4 remain 1 wait 26 
Process 1 has been moved to level 8
At time  30  process 4 resumed arr 4 total 5 remain 2 wait 23 
At time  31  process 4 stopped arr 4 total 5 remain 1 wait 23 
Process 4 has been moved to level 8
At time  31  process 8 resumed arr 7 total 8 remain 2 wait 18 
At time  32  process 8 stopped arr 7 total 8 remain 1 wait 18 
Process 8 has been moved to level 8
At time  32  process 1 resumed arr 1 total 4 remain 1 wait 28 
At time  33  process 1 finished arr 1 total 4 remain 0 wait 28 TA 32 WTA 8.00 
At time  33  process 4 resumed arr 4 total 5 remain 1 wait 25 
At time  34  process 4 finished arr 4 total 5 remain 0 wait 25 TA 30 WTA 6.00 
At time  34  process 8 resumed arr 7 total 8 remain 1 wait 20 
At time  35  process 8 finished arr 7 total 8 remain 0 wait 20 TA 28 WTA 3.50 
